Release 14.7 - xst P.20131013 (nt64)
Copyright (c) 1995-2013 Xilinx, Inc.  All rights reserved.
--> Parameter TMPDIR set to xst/projnav.tmp


Total REAL time to Xst completion: 0.00 secs
Total CPU time to Xst completion: 0.18 secs
 
--> Parameter xsthdpdir set to xst


Total REAL time to Xst completion: 0.00 secs
Total CPU time to Xst completion: 0.18 secs
 
--> Reading design: alu4bits.prj

TABLE OF CONTENTS
  1) Synthesis Options Summary
  2) HDL Parsing
  3) HDL Elaboration
  4) HDL Synthesis
       4.1) HDL Synthesis Report
  5) Advanced HDL Synthesis
       5.1) Advanced HDL Synthesis Report
  6) Low Level Synthesis
  7) Partition Report
  8) Design Summary
       8.1) Primitive and Black Box Usage
       8.2) Device utilization summary
       8.3) Partition Resource Summary
       8.4) Timing Report
            8.4.1) Clock Information
            8.4.2) Asynchronous Control Signals Information
            8.4.3) Timing Summary
            8.4.4) Timing Details
            8.4.5) Cross Clock Domains Report


=========================================================================
*                      Synthesis Options Summary                        *
=========================================================================
---- Source Parameters
Input File Name                    : "alu4bits.prj"
Ignore Synthesis Constraint File   : NO

---- Target Parameters
Output File Name                   : "alu4bits"
Output Format                      : NGC
Target Device                      : xc7a100t-3-ftg256

---- Source Options
Top Module Name                    : alu4bits
Automatic FSM Extraction           : YES
FSM Encoding Algorithm             : Auto
Safe Implementation                : No
FSM Style                          : LUT
RAM Extraction                     : Yes
RAM Style                          : Auto
ROM Extraction                     : Yes
Shift Register Extraction          : YES
ROM Style                          : Auto
Resource Sharing                   : YES
Asynchronous To Synchronous        : NO
Shift Register Minimum Size        : 2
Use DSP Block                      : Auto
Automatic Register Balancing       : No

---- Target Options
LUT Combining                      : Auto
Reduce Control Sets                : Auto
Add IO Buffers                     : YES
Global Maximum Fanout              : 100000
Add Generic Clock Buffer(BUFG)     : 32
Register Duplication               : YES
Optimize Instantiated Primitives   : NO
Use Clock Enable                   : Auto
Use Synchronous Set                : Auto
Use Synchronous Reset              : Auto
Pack IO Registers into IOBs        : Auto
Equivalent register Removal        : YES

---- General Options
Optimization Goal                  : Speed
Optimization Effort                : 1
Power Reduction                    : NO
Keep Hierarchy                     : No
Netlist Hierarchy                  : As_Optimized
RTL Output                         : Yes
Global Optimization                : AllClockNets
Read Cores                         : YES
Write Timing Constraints           : NO
Cross Clock Analysis               : NO
Hierarchy Separator                : /
Bus Delimiter                      : <>
Case Specifier                     : Maintain
Slice Utilization Ratio            : 100
BRAM Utilization Ratio             : 100
DSP48 Utilization Ratio            : 100
Auto BRAM Packing                  : NO
Slice Utilization Ratio Delta      : 5

=========================================================================


=========================================================================
*                          HDL Parsing                                  *
=========================================================================
Parsing VHDL file "F:\Documentos David\Universidad\3ero A\Arquitectura de ordenadores\tarea\tercera unidad\trabajo final\EjercicioBitSlice\EjercicioBitSlice\sumador1bit.vhd" into library work
Parsing entity <sumador1bit>.
Parsing architecture <Behavioral> of entity <sumador1bit>.
Parsing VHDL file "F:\Documentos David\Universidad\3ero A\Arquitectura de ordenadores\tarea\tercera unidad\trabajo final\EjercicioBitSlice\EjercicioBitSlice\restador1bit.vhd" into library work
Parsing entity <restador1bit>.
Parsing architecture <Behavioral> of entity <restador1bit>.
Parsing VHDL file "F:\Documentos David\Universidad\3ero A\Arquitectura de ordenadores\tarea\tercera unidad\trabajo final\EjercicioBitSlice\EjercicioBitSlice\xor4bits.vhd" into library work
Parsing entity <xor4bits>.
Parsing architecture <Behavioral> of entity <xor4bits>.
Parsing VHDL file "F:\Documentos David\Universidad\3ero A\Arquitectura de ordenadores\tarea\tercera unidad\trabajo final\EjercicioBitSlice\EjercicioBitSlice\sumador4bits.vhd" into library work
Parsing entity <sumador4bits>.
Parsing architecture <Behavioral> of entity <sumador4bits>.
Parsing VHDL file "F:\Documentos David\Universidad\3ero A\Arquitectura de ordenadores\tarea\tercera unidad\trabajo final\EjercicioBitSlice\EjercicioBitSlice\restador4bits.vhd" into library work
Parsing entity <restador4bits>.
Parsing architecture <Behavioral> of entity <restador4bits>.
Parsing VHDL file "F:\Documentos David\Universidad\3ero A\Arquitectura de ordenadores\tarea\tercera unidad\trabajo final\EjercicioBitSlice\EjercicioBitSlice\or4bits.vhd" into library work
Parsing entity <or4bits>.
Parsing architecture <Behavioral> of entity <or4bits>.
Parsing VHDL file "F:\Documentos David\Universidad\3ero A\Arquitectura de ordenadores\tarea\tercera unidad\trabajo final\EjercicioBitSlice\EjercicioBitSlice\multiplexor.vhd" into library work
Parsing entity <multiplexor4bits>.
Parsing architecture <Behavioral> of entity <multiplexor4bits>.
Parsing VHDL file "F:\Documentos David\Universidad\3ero A\Arquitectura de ordenadores\tarea\tercera unidad\trabajo final\EjercicioBitSlice\EjercicioBitSlice\complemento4bits.vhd" into library work
Parsing entity <complemento4bits>.
Parsing architecture <Behavioral> of entity <complemento4bits>.
Parsing VHDL file "F:\Documentos David\Universidad\3ero A\Arquitectura de ordenadores\tarea\tercera unidad\trabajo final\EjercicioBitSlice\EjercicioBitSlice\alu4bits.vhd" into library work
Parsing entity <alu4bits>.
Parsing architecture <Behavioral> of entity <alu4bits>.

=========================================================================
*                            HDL Elaboration                            *
=========================================================================

Elaborating entity <alu4bits> (architecture <Behavioral>) from library <work>.

Elaborating entity <restador4bits> (architecture <Behavioral>) from library <work>.

Elaborating entity <restador1bit> (architecture <Behavioral>) from library <work>.

Elaborating entity <xor4bits> (architecture <Behavioral>) from library <work>.

Elaborating entity <sumador4bits> (architecture <Behavioral>) from library <work>.

Elaborating entity <sumador1bit> (architecture <Behavioral>) from library <work>.

Elaborating entity <complemento4bits> (architecture <Behavioral>) from library <work>.

Elaborating entity <or4bits> (architecture <Behavioral>) from library <work>.

Elaborating entity <multiplexor4bits> (architecture <Behavioral>) from library <work>.
WARNING:HDLCompiler:634 - "F:\Documentos David\Universidad\3ero A\Arquitectura de ordenadores\tarea\tercera unidad\trabajo final\EjercicioBitSlice\EjercicioBitSlice\alu4bits.vhd" Line 96: Net <s_c1> does not have a driver.

=========================================================================
*                           HDL Synthesis                               *
=========================================================================

Synthesizing Unit <alu4bits>.
    Related source file is "F:\Documentos David\Universidad\3ero A\Arquitectura de ordenadores\tarea\tercera unidad\trabajo final\EjercicioBitSlice\EjercicioBitSlice\alu4bits.vhd".
INFO:Xst:3210 - "F:\Documentos David\Universidad\3ero A\Arquitectura de ordenadores\tarea\tercera unidad\trabajo final\EjercicioBitSlice\EjercicioBitSlice\alu4bits.vhd" line 104: Output port <cout> of the instance <incremento1> is unconnected or connected to loadless signal.
INFO:Xst:3210 - "F:\Documentos David\Universidad\3ero A\Arquitectura de ordenadores\tarea\tercera unidad\trabajo final\EjercicioBitSlice\EjercicioBitSlice\alu4bits.vhd" line 106: Output port <cout> of the instance <decremento1> is unconnected or connected to loadless signal.
WARNING:Xst:653 - Signal <s_c1> is used but never assigned. This sourceless signal will be automatically connected to value GND.
WARNING:Xst:653 - Signal <s_c2> is used but never assigned. This sourceless signal will be automatically connected to value GND.
    Summary:
	inferred   5 Multiplexer(s).
Unit <alu4bits> synthesized.

Synthesizing Unit <restador4bits>.
    Related source file is "F:\Documentos David\Universidad\3ero A\Arquitectura de ordenadores\tarea\tercera unidad\trabajo final\EjercicioBitSlice\EjercicioBitSlice\restador4bits.vhd".
    Summary:
	no macro.
Unit <restador4bits> synthesized.

Synthesizing Unit <restador1bit>.
    Related source file is "F:\Documentos David\Universidad\3ero A\Arquitectura de ordenadores\tarea\tercera unidad\trabajo final\EjercicioBitSlice\EjercicioBitSlice\restador1bit.vhd".
    Summary:
Unit <restador1bit> synthesized.

Synthesizing Unit <xor4bits>.
    Related source file is "F:\Documentos David\Universidad\3ero A\Arquitectura de ordenadores\tarea\tercera unidad\trabajo final\EjercicioBitSlice\EjercicioBitSlice\xor4bits.vhd".
    Summary:
Unit <xor4bits> synthesized.

Synthesizing Unit <sumador4bits>.
    Related source file is "F:\Documentos David\Universidad\3ero A\Arquitectura de ordenadores\tarea\tercera unidad\trabajo final\EjercicioBitSlice\EjercicioBitSlice\sumador4bits.vhd".
    Summary:
	no macro.
Unit <sumador4bits> synthesized.

Synthesizing Unit <sumador1bit>.
    Related source file is "F:\Documentos David\Universidad\3ero A\Arquitectura de ordenadores\tarea\tercera unidad\trabajo final\EjercicioBitSlice\EjercicioBitSlice\sumador1bit.vhd".
    Summary:
Unit <sumador1bit> synthesized.

Synthesizing Unit <complemento4bits>.
    Related source file is "F:\Documentos David\Universidad\3ero A\Arquitectura de ordenadores\tarea\tercera unidad\trabajo final\EjercicioBitSlice\EjercicioBitSlice\complemento4bits.vhd".
    Summary:
	no macro.
Unit <complemento4bits> synthesized.

Synthesizing Unit <or4bits>.
    Related source file is "F:\Documentos David\Universidad\3ero A\Arquitectura de ordenadores\tarea\tercera unidad\trabajo final\EjercicioBitSlice\EjercicioBitSlice\or4bits.vhd".
    Summary:
	no macro.
Unit <or4bits> synthesized.

Synthesizing Unit <multiplexor4bits>.
    Related source file is "F:\Documentos David\Universidad\3ero A\Arquitectura de ordenadores\tarea\tercera unidad\trabajo final\EjercicioBitSlice\EjercicioBitSlice\multiplexor.vhd".
    Found 4-bit 8-to-1 multiplexer for signal <salida> created at line 21.
    Summary:
	inferred   1 Multiplexer(s).
Unit <multiplexor4bits> synthesized.

=========================================================================
HDL Synthesis Report

Macro Statistics
# Multiplexers                                         : 6
 1-bit 2-to-1 multiplexer                              : 5
 4-bit 8-to-1 multiplexer                              : 1
# Xors                                                 : 25
 1-bit xor2                                            : 24
 4-bit xor2                                            : 1

=========================================================================

=========================================================================
*                       Advanced HDL Synthesis                          *
=========================================================================


=========================================================================
Advanced HDL Synthesis Report

Macro Statistics
# Multiplexers                                         : 6
 1-bit 2-to-1 multiplexer                              : 5
 4-bit 8-to-1 multiplexer                              : 1
# Xors                                                 : 25
 1-bit xor2                                            : 24
 4-bit xor2                                            : 1

=========================================================================

=========================================================================
*                         Low Level Synthesis                           *
=========================================================================

Optimizing unit <alu4bits> ...

Mapping all equations...
Building and optimizing final netlist ...
Found area constraint ratio of 100 (+ 5) on block alu4bits, actual ratio is 0.

Final Macro Processing ...

=========================================================================
Final Register Report

Found no macro
=========================================================================

=========================================================================
*                           Partition Report                            *
=========================================================================

Partition Implementation Status
-------------------------------

  No Partitions were found in this design.

-------------------------------

=========================================================================
*                            Design Summary                             *
=========================================================================

Top Level Output File Name         : alu4bits.ngc

Primitive and Black Box Usage:
------------------------------
# BELS                             : 19
#      LUT2                        : 2
#      LUT3                        : 1
#      LUT4                        : 2
#      LUT5                        : 6
#      LUT6                        : 7
#      MUXF7                       : 1
# IO Buffers                       : 16
#      IBUF                        : 11
#      OBUF                        : 5

Device utilization summary:
---------------------------

Selected Device : 7a100tftg256-3 


Slice Logic Utilization: 
 Number of Slice LUTs:                   18  out of  63400     0%  
    Number used as Logic:                18  out of  63400     0%  

Slice Logic Distribution: 
 Number of LUT Flip Flop pairs used:     18
   Number with an unused Flip Flop:      18  out of     18   100%  
   Number with an unused LUT:             0  out of     18     0%  
   Number of fully used LUT-FF pairs:     0  out of     18     0%  
   Number of unique control sets:         0

IO Utilization: 
 Number of IOs:                          16
 Number of bonded IOBs:                  16  out of    170     9%  

Specific Feature Utilization:

---------------------------
Partition Resource Summary:
---------------------------

  No Partitions were found in this design.

---------------------------


=========================================================================
Timing Report

NOTE: THESE TIMING NUMBERS ARE ONLY A SYNTHESIS ESTIMATE.
      FOR ACCURATE TIMING INFORMATION PLEASE REFER TO THE TRACE REPORT
      GENERATED AFTER PLACE-and-ROUTE.

Clock Information:
------------------
No clock signals found in this design

Asynchronous Control Signals Information:
----------------------------------------
No asynchronous control signals found in this design

Timing Summary:
---------------
Speed Grade: -3

   Minimum period: No path found
   Minimum input arrival time before clock: No path found
   Maximum output required time after clock: No path found
   Maximum combinational path delay: 2.316ns

Timing Details:
---------------
All values displayed in nanoseconds (ns)

=========================================================================
Timing constraint: Default path analysis
  Total number of paths / destination ports: 94 / 5
-------------------------------------------------------------------------
Delay:               2.316ns (Levels of Logic = 5)
  Source:            B_alu<2> (PAD)
  Destination:       Yout_alu<3> (PAD)

  Data Path: B_alu<2> to Yout_alu<3>
                                Gate     Net
    Cell:in->out      fanout   Delay   Delay  Logical Name (Net Name)
    ----------------------------------------  ------------
     IBUF:I->O             5   0.001   0.712  B_alu_2_IBUF (B_alu_2_IBUF)
     LUT6:I0->O            3   0.097   0.521  sumx4/s2/cout1 (sumx4/c3)
     LUT6:I3->O            1   0.097   0.511  mux1/Mmux_salida42 (mux1/Mmux_salida41)
     LUT5:I2->O            1   0.097   0.279  mux1/Mmux_salida45 (Yout_alu_3_OBUF)
     OBUF:I->O                 0.000          Yout_alu_3_OBUF (Yout_alu<3>)
    ----------------------------------------
    Total                      2.316ns (0.292ns logic, 2.024ns route)
                                       (12.6% logic, 87.4% route)

=========================================================================

Cross Clock Domains Report:
--------------------------

=========================================================================


Total REAL time to Xst completion: 14.00 secs
Total CPU time to Xst completion: 14.13 secs
 
--> 

Total memory usage is 4617792 kilobytes

Number of errors   :    0 (   0 filtered)
Number of warnings :    3 (   0 filtered)
Number of infos    :    2 (   0 filtered)

