Release 14.7 - xst P.20131013 (nt64)
Copyright (c) 1995-2013 Xilinx, Inc.  All rights reserved.
--> Parameter TMPDIR set to xst/projnav.tmp


Total REAL time to Xst completion: 1.00 secs
Total CPU time to Xst completion: 0.16 secs
 
--> Parameter xsthdpdir set to xst


Total REAL time to Xst completion: 1.00 secs
Total CPU time to Xst completion: 0.16 secs
 
--> Reading design: display_decod7s_contador.prj

TABLE OF CONTENTS
  1) Synthesis Options Summary
  2) HDL Parsing
  3) HDL Elaboration
  4) HDL Synthesis
       4.1) HDL Synthesis Report
  5) Advanced HDL Synthesis
       5.1) Advanced HDL Synthesis Report
  6) Low Level Synthesis
  7) Partition Report
  8) Design Summary
       8.1) Primitive and Black Box Usage
       8.2) Device utilization summary
       8.3) Partition Resource Summary
       8.4) Timing Report
            8.4.1) Clock Information
            8.4.2) Asynchronous Control Signals Information
            8.4.3) Timing Summary
            8.4.4) Timing Details
            8.4.5) Cross Clock Domains Report


=========================================================================
*                      Synthesis Options Summary                        *
=========================================================================
---- Source Parameters
Input File Name                    : "display_decod7s_contador.prj"
Ignore Synthesis Constraint File   : NO

---- Target Parameters
Output File Name                   : "display_decod7s_contador"
Output Format                      : NGC
Target Device                      : xc7a100t-3-ftg256

---- Source Options
Top Module Name                    : display_decod7s_contador
Automatic FSM Extraction           : YES
FSM Encoding Algorithm             : Auto
Safe Implementation                : No
FSM Style                          : LUT
RAM Extraction                     : Yes
RAM Style                          : Auto
ROM Extraction                     : Yes
Shift Register Extraction          : YES
ROM Style                          : Auto
Resource Sharing                   : YES
Asynchronous To Synchronous        : NO
Shift Register Minimum Size        : 2
Use DSP Block                      : Auto
Automatic Register Balancing       : No

---- Target Options
LUT Combining                      : Auto
Reduce Control Sets                : Auto
Add IO Buffers                     : YES
Global Maximum Fanout              : 100000
Add Generic Clock Buffer(BUFG)     : 32
Register Duplication               : YES
Optimize Instantiated Primitives   : NO
Use Clock Enable                   : Auto
Use Synchronous Set                : Auto
Use Synchronous Reset              : Auto
Pack IO Registers into IOBs        : Auto
Equivalent register Removal        : YES

---- General Options
Optimization Goal                  : Speed
Optimization Effort                : 1
Power Reduction                    : NO
Keep Hierarchy                     : No
Netlist Hierarchy                  : As_Optimized
RTL Output                         : Yes
Global Optimization                : AllClockNets
Read Cores                         : YES
Write Timing Constraints           : NO
Cross Clock Analysis               : NO
Hierarchy Separator                : /
Bus Delimiter                      : <>
Case Specifier                     : Maintain
Slice Utilization Ratio            : 100
BRAM Utilization Ratio             : 100
DSP48 Utilization Ratio            : 100
Auto BRAM Packing                  : NO
Slice Utilization Ratio Delta      : 5

=========================================================================


=========================================================================
*                          HDL Parsing                                  *
=========================================================================
Parsing VHDL file "F:\Documentos David\Universidad\3ero A\Arquitectura de ordenadores\tarea\tercera unidad\trabajo final\EjercicioBitSlice\EjercicioBitSlice\Contador.vhd" into library work
Parsing entity <contador>.
Parsing architecture <Behavioral> of entity <contador>.
Parsing VHDL file "F:\Documentos David\Universidad\3ero A\Arquitectura de ordenadores\tarea\tercera unidad\trabajo final\EjercicioBitSlice\EjercicioBitSlice\display_decod7s_contador.vhd" into library work
Parsing entity <display_decod7s_contador>.
Parsing architecture <Behavioral> of entity <display_decod7s_contador>.

=========================================================================
*                            HDL Elaboration                            *
=========================================================================

Elaborating entity <display_decod7s_contador> (architecture <Behavioral>) from library <work>.

Elaborating entity <contador> (architecture <Behavioral>) from library <work>.

=========================================================================
*                           HDL Synthesis                               *
=========================================================================

Synthesizing Unit <display_decod7s_contador>.
    Related source file is "F:\Documentos David\Universidad\3ero A\Arquitectura de ordenadores\tarea\tercera unidad\trabajo final\EjercicioBitSlice\EjercicioBitSlice\display_decod7s_contador.vhd".
    Found 16x7-bit Read Only RAM for signal <display>
    Summary:
	inferred   1 RAM(s).
Unit <display_decod7s_contador> synthesized.

Synthesizing Unit <contador>.
    Related source file is "F:\Documentos David\Universidad\3ero A\Arquitectura de ordenadores\tarea\tercera unidad\trabajo final\EjercicioBitSlice\EjercicioBitSlice\Contador.vhd".
    Found 4-bit register for signal <count>.
    Found 4-bit adder for signal <count[3]_GND_7_o_add_1_OUT> created at line 41.
    Summary:
	inferred   1 Adder/Subtractor(s).
	inferred   4 D-type flip-flop(s).
Unit <contador> synthesized.

=========================================================================
HDL Synthesis Report

Macro Statistics
# RAMs                                                 : 1
 16x7-bit single-port Read Only RAM                    : 1
# Adders/Subtractors                                   : 1
 4-bit adder                                           : 1
# Registers                                            : 1
 4-bit register                                        : 1

=========================================================================

=========================================================================
*                       Advanced HDL Synthesis                          *
=========================================================================


Synthesizing (advanced) Unit <contador>.
The following registers are absorbed into counter <count>: 1 register on signal <count>.
Unit <contador> synthesized (advanced).

Synthesizing (advanced) Unit <display_decod7s_contador>.
INFO:Xst:3218 - HDL ADVISOR - The RAM <Mram_display> will be implemented on LUTs either because you have described an asynchronous read or because of currently unsupported block RAM features. If you have described an asynchronous read, making it synchronous would allow you to take advantage of available block RAM resources, for optimized device usage and improved timings. Please refer to your documentation for coding guidelines.
    -----------------------------------------------------------------------
    | ram_type           | Distributed                         |          |
    -----------------------------------------------------------------------
    | Port A                                                              |
    |     aspect ratio   | 16-word x 7-bit                     |          |
    |     weA            | connected to signal <GND>           | high     |
    |     addrA          | connected to signal <salcompo>      |          |
    |     diA            | connected to signal <GND>           |          |
    |     doA            | connected to signal <display>       |          |
    -----------------------------------------------------------------------
Unit <display_decod7s_contador> synthesized (advanced).

=========================================================================
Advanced HDL Synthesis Report

Macro Statistics
# RAMs                                                 : 1
 16x7-bit single-port distributed Read Only RAM        : 1
# Counters                                             : 1
 4-bit up counter                                      : 1

=========================================================================

=========================================================================
*                         Low Level Synthesis                           *
=========================================================================

Optimizing unit <display_decod7s_contador> ...

Mapping all equations...
Building and optimizing final netlist ...
Found area constraint ratio of 100 (+ 5) on block display_decod7s_contador, actual ratio is 0.

Final Macro Processing ...

=========================================================================
Final Register Report

Macro Statistics
# Registers                                            : 4
 Flip-Flops                                            : 4

=========================================================================

=========================================================================
*                           Partition Report                            *
=========================================================================

Partition Implementation Status
-------------------------------

  No Partitions were found in this design.

-------------------------------

=========================================================================
*                            Design Summary                             *
=========================================================================

Top Level Output File Name         : display_decod7s_contador.ngc

Primitive and Black Box Usage:
------------------------------
# BELS                             : 11
#      LUT2                        : 1
#      LUT4                        : 7
#      LUT5                        : 3
# FlipFlops/Latches                : 4
#      FD                          : 4
# Clock Buffers                    : 1
#      BUFGP                       : 1
# IO Buffers                       : 8
#      IBUF                        : 1
#      OBUF                        : 7

Device utilization summary:
---------------------------

Selected Device : 7a100tftg256-3 


Slice Logic Utilization: 
 Number of Slice Registers:               4  out of  126800     0%  
 Number of Slice LUTs:                   11  out of  63400     0%  
    Number used as Logic:                11  out of  63400     0%  

Slice Logic Distribution: 
 Number of LUT Flip Flop pairs used:     11
   Number with an unused Flip Flop:       7  out of     11    63%  
   Number with an unused LUT:             0  out of     11     0%  
   Number of fully used LUT-FF pairs:     4  out of     11    36%  
   Number of unique control sets:         1

IO Utilization: 
 Number of IOs:                           9
 Number of bonded IOBs:                   9  out of    170     5%  

Specific Feature Utilization:
 Number of BUFG/BUFGCTRLs:                1  out of     32     3%  

---------------------------
Partition Resource Summary:
---------------------------

  No Partitions were found in this design.

---------------------------


=========================================================================
Timing Report

NOTE: THESE TIMING NUMBERS ARE ONLY A SYNTHESIS ESTIMATE.
      FOR ACCURATE TIMING INFORMATION PLEASE REFER TO THE TRACE REPORT
      GENERATED AFTER PLACE-and-ROUTE.

Clock Information:
------------------
-----------------------------------+------------------------+-------+
Clock Signal                       | Clock buffer(FF name)  | Load  |
-----------------------------------+------------------------+-------+
clk                                | BUFGP                  | 4     |
-----------------------------------+------------------------+-------+

Asynchronous Control Signals Information:
----------------------------------------
No asynchronous control signals found in this design

Timing Summary:
---------------
Speed Grade: -3

   Minimum period: 1.064ns (Maximum Frequency: 940.203MHz)
   Minimum input arrival time before clock: 0.803ns
   Maximum output required time after clock: 1.340ns
   Maximum combinational path delay: No path found

Timing Details:
---------------
All values displayed in nanoseconds (ns)

=========================================================================
Timing constraint: Default period analysis for Clock 'clk'
  Clock period: 1.064ns (frequency: 940.203MHz)
  Total number of paths / destination ports: 13 / 4
-------------------------------------------------------------------------
Delay:               1.064ns (Levels of Logic = 1)
  Source:            C1/count_1 (FF)
  Destination:       C1/count_1 (FF)
  Source Clock:      clk rising
  Destination Clock: clk rising

  Data Path: C1/count_1 to C1/count_1
                                Gate     Net
    Cell:in->out      fanout   Delay   Delay  Logical Name (Net Name)
    ----------------------------------------  ------------
     FD:C->Q              10   0.361   0.598  C1/count_1 (C1/count_1)
     LUT5:I1->O            1   0.097   0.000  C1/count_1_rstpot (C1/count_1_rstpot)
     FD:D                      0.008          C1/count_1
    ----------------------------------------
    Total                      1.064ns (0.466ns logic, 0.598ns route)
                                       (43.8% logic, 56.2% route)

=========================================================================
Timing constraint: Default OFFSET IN BEFORE for Clock 'clk'
  Total number of paths / destination ports: 4 / 4
-------------------------------------------------------------------------
Offset:              0.803ns (Levels of Logic = 2)
  Source:            reset (PAD)
  Destination:       C1/count_1 (FF)
  Destination Clock: clk rising

  Data Path: reset to C1/count_1
                                Gate     Net
    Cell:in->out      fanout   Delay   Delay  Logical Name (Net Name)
    ----------------------------------------  ------------
     IBUF:I->O             4   0.001   0.697  reset_IBUF (reset_IBUF)
     LUT5:I0->O            1   0.097   0.000  C1/count_1_rstpot (C1/count_1_rstpot)
     FD:D                      0.008          C1/count_1
    ----------------------------------------
    Total                      0.803ns (0.106ns logic, 0.697ns route)
                                       (13.2% logic, 86.8% route)

=========================================================================
Timing constraint: Default OFFSET OUT AFTER for Clock 'clk'
  Total number of paths / destination ports: 28 / 7
-------------------------------------------------------------------------
Offset:              1.340ns (Levels of Logic = 2)
  Source:            C1/count_0 (FF)
  Destination:       display<4> (PAD)
  Source Clock:      clk rising

  Data Path: C1/count_0 to display<4>
                                Gate     Net
    Cell:in->out      fanout   Delay   Delay  Logical Name (Net Name)
    ----------------------------------------  ------------
     FD:C->Q              11   0.361   0.603  C1/count_0 (C1/count_0)
     LUT4:I0->O            1   0.097   0.279  Mram_display21 (display_2_OBUF)
     OBUF:I->O                 0.000          display_2_OBUF (display<2>)
    ----------------------------------------
    Total                      1.340ns (0.458ns logic, 0.882ns route)
                                       (34.2% logic, 65.8% route)

=========================================================================

Cross Clock Domains Report:
--------------------------

Clock to Setup on destination clock clk
---------------+---------+---------+---------+---------+
               | Src:Rise| Src:Fall| Src:Rise| Src:Fall|
Source Clock   |Dest:Rise|Dest:Rise|Dest:Fall|Dest:Fall|
---------------+---------+---------+---------+---------+
clk            |    1.064|         |         |         |
---------------+---------+---------+---------+---------+

=========================================================================


Total REAL time to Xst completion: 15.00 secs
Total CPU time to Xst completion: 14.13 secs
 
--> 

Total memory usage is 4617760 kilobytes

Number of errors   :    0 (   0 filtered)
Number of warnings :    0 (   0 filtered)
Number of infos    :    1 (   0 filtered)

