Release 14.7 - xst P.20131013 (nt64)
Copyright (c) 1995-2013 Xilinx, Inc.  All rights reserved.
--> Parameter TMPDIR set to xst/projnav.tmp


Total REAL time to Xst completion: 0.00 secs
Total CPU time to Xst completion: 0.18 secs
 
--> Parameter xsthdpdir set to xst


Total REAL time to Xst completion: 0.00 secs
Total CPU time to Xst completion: 0.18 secs
 
--> Reading design: nuevoproyecto.prj

TABLE OF CONTENTS
  1) Synthesis Options Summary
  2) HDL Parsing
  3) HDL Elaboration
  4) HDL Synthesis
       4.1) HDL Synthesis Report
  5) Advanced HDL Synthesis
       5.1) Advanced HDL Synthesis Report
  6) Low Level Synthesis
  7) Partition Report
  8) Design Summary
       8.1) Primitive and Black Box Usage
       8.2) Device utilization summary
       8.3) Partition Resource Summary
       8.4) Timing Report
            8.4.1) Clock Information
            8.4.2) Asynchronous Control Signals Information
            8.4.3) Timing Summary
            8.4.4) Timing Details
            8.4.5) Cross Clock Domains Report


=========================================================================
*                      Synthesis Options Summary                        *
=========================================================================
---- Source Parameters
Input File Name                    : "nuevoproyecto.prj"
Ignore Synthesis Constraint File   : NO

---- Target Parameters
Output File Name                   : "nuevoproyecto"
Output Format                      : NGC
Target Device                      : xc7a100t-3-ftg256

---- Source Options
Top Module Name                    : nuevoproyecto
Automatic FSM Extraction           : YES
FSM Encoding Algorithm             : Auto
Safe Implementation                : No
FSM Style                          : LUT
RAM Extraction                     : Yes
RAM Style                          : Auto
ROM Extraction                     : Yes
Shift Register Extraction          : YES
ROM Style                          : Auto
Resource Sharing                   : YES
Asynchronous To Synchronous        : NO
Shift Register Minimum Size        : 2
Use DSP Block                      : Auto
Automatic Register Balancing       : No

---- Target Options
LUT Combining                      : Auto
Reduce Control Sets                : Auto
Add IO Buffers                     : YES
Global Maximum Fanout              : 100000
Add Generic Clock Buffer(BUFG)     : 32
Register Duplication               : YES
Optimize Instantiated Primitives   : NO
Use Clock Enable                   : Auto
Use Synchronous Set                : Auto
Use Synchronous Reset              : Auto
Pack IO Registers into IOBs        : Auto
Equivalent register Removal        : YES

---- General Options
Optimization Goal                  : Speed
Optimization Effort                : 1
Power Reduction                    : NO
Keep Hierarchy                     : No
Netlist Hierarchy                  : As_Optimized
RTL Output                         : Yes
Global Optimization                : AllClockNets
Read Cores                         : YES
Write Timing Constraints           : NO
Cross Clock Analysis               : NO
Hierarchy Separator                : /
Bus Delimiter                      : <>
Case Specifier                     : Maintain
Slice Utilization Ratio            : 100
BRAM Utilization Ratio             : 100
DSP48 Utilization Ratio            : 100
Auto BRAM Packing                  : NO
Slice Utilization Ratio Delta      : 5

=========================================================================


=========================================================================
*                          HDL Parsing                                  *
=========================================================================
Parsing VHDL file "F:\Documentos David\Universidad\3ero A\Arquitectura de ordenadores\tarea\tercera unidad\trabajo final\EjercicioBitSlice\EjercicioBitSlice\Contador.vhd" into library work
Parsing entity <Contador>.
Parsing architecture <Behavioral> of entity <contador>.
Parsing VHDL file "F:\Documentos David\Universidad\3ero A\Arquitectura de ordenadores\tarea\tercera unidad\trabajo final\EjercicioBitSlice\EjercicioBitSlice\nuevoproyecto.vhd" into library work
Parsing entity <nuevoproyecto>.
Parsing architecture <Behavioral> of entity <nuevoproyecto>.
ERROR:HDLCompiler:806 - "F:\Documentos David\Universidad\3ero A\Arquitectura de ordenadores\tarea\tercera unidad\trabajo final\EjercicioBitSlice\EjercicioBitSlice\nuevoproyecto.vhd" Line 42: Syntax error near "in".
ERROR:HDLCompiler:434 - "F:\Documentos David\Universidad\3ero A\Arquitectura de ordenadores\tarea\tercera unidad\trabajo final\EjercicioBitSlice\EjercicioBitSlice\nuevoproyecto.vhd" Line 52: Formal <clk> is not a port.
ERROR:HDLCompiler:1314 - "F:\Documentos David\Universidad\3ero A\Arquitectura de ordenadores\tarea\tercera unidad\trabajo final\EjercicioBitSlice\EjercicioBitSlice\nuevoproyecto.vhd" Line 52: Formal port/generic <reset> is not declared in <contador>
ERROR:HDLCompiler:854 - "F:\Documentos David\Universidad\3ero A\Arquitectura de ordenadores\tarea\tercera unidad\trabajo final\EjercicioBitSlice\EjercicioBitSlice\nuevoproyecto.vhd" Line 39: Unit <behavioral> ignored due to previous errors.
VHDL file F:\Documentos David\Universidad\3ero A\Arquitectura de ordenadores\tarea\tercera unidad\trabajo final\EjercicioBitSlice\EjercicioBitSlice\nuevoproyecto.vhd ignored due to errors
--> 

Total memory usage is 4497616 kilobytes

Number of errors   :    4 (   0 filtered)
Number of warnings :    0 (   0 filtered)
Number of infos    :    0 (   0 filtered)

